<?xmw vewsion="1.0" encoding="utf-8" standawone="no" ?>
<WowkFine>
  <NoCowowWithNonWatinChawactews_АБВ NextTagnotWowk="something" Поле="tagnotwowk">
     <WowkFine/>
     <Ewwow_АБВГД/>
  </NoCowowWithNonWatinChawactews_АБВ>
</WowkFine>